2021-09-02 02:09:11.456  INFO [shop-ui,60f2012f558e7518fb10551f93a61c3e,fb10551f93a61c3e] 1486 --- [   scheduling-1] lol.maki.socks.CatalogClient: This should work...
2021-09-02 02:09:11.456  INFO [shop-ui,60f2012f558e7518fb10551f93a61c3e,fb10551f93a61c3e] 1486 --- [   scheduling-1] lol.maki.socks.ShopUi       : Foo Bar
2021-09-02 02:09:11.456  INFO [shop-ui,60f2012f558e7518fb10551f93a61c3e,fb10551f93a61c3e] 1486 --- [   scheduling-1] lol.maki.socks.ShopUi       : This should not be called!
2021-09-02 02:09:11.456  INFO [shop-ui,60f2012f558e7518fb10551f93a61c3e,fb10551f93a61c3e] 1486 --- [   scheduling-1] lol.maki.socks.ShopUi       : 1...2...3...

   _____            _                _____            _        
  / ____|          (_)              / ____|          | |       
 | (___  _ __  _ __ _ _ __   __ _  | (___   ___   ___| | _____ 
  \___ \| '_ \| '__| | '_ \ / _` |  \___ \ / _ \ / __| |/ / __|
  ____) | |_) | |  | | | | | (_| |  ____) | (_) | (__|   <\__ \
 |_____/| .__/|_|  |_|_| |_|\__, | |_____/ \___/ \___|_|\_\___/
        | |                  __/ |                             
        |_|                 |___/                              


2021-09-02 02:09:11.724 DEBUG [shop-ui,,] 1486 --- [tClientSender-0] s.n.www.protocol.http.HttpURLConnection  : sun.net.www.MessageHeader@60493fad9 pairs: {POST /report?f=trace HTTP/1.1: null}{Content-Type: application/octet-stream}{Content-Encoding: gzip}{Authorization: Bearer 7f23a58a-56b2-4aa9-aad3-a98a075c3d84}{User-Agent: Java/16.0.1}{Host: demo.wavefront.com}{Accept: text/html, image/gif, image/jpeg, *; q=.2, */*; q=.2}{Connection: keep-alive}{Content-Length: 215}
2021-09-02 02:09:11.761 DEBUG [shop-ui,,] 1486 --- [tClientSender-0] s.n.www.protocol.http.HttpURLConnection  : sun.net.www.MessageHeader@7a25129f5 pairs: {null: HTTP/1.1 202 Accepted}{Server: nginx}{Transfer-Encoding: chunked}{Connection: keep-alive}
2021-09-02 02:09:16.458  INFO [shop-ui,60f201348feddaba4ca490264fc943e9,4ca490264fc943e9] 1486 --- [   scheduling-1] lol.maki.socks.ShopUi       : Foo Bar
2021-09-02 02:09:16.458  INFO [shop-ui,60f201348feddaba4ca490264fc943e9,4ca490264fc943e9] 1486 --- [   scheduling-1] lol.maki.socks.ShopUi       : 1...2...3...
2021-09-02 02:09:16.458  INFO [shop-ui,60f201348feddaba4ca490264fc943e9,4ca490264fc943e9] 1486 --- [   scheduling-1] lol.maki.socks.ShopUi       : This should not be called!
2021-09-02 02:09:16.458  INFO [shop-ui,60f201348feddaba4ca490264fc943e9,4ca490264fc943e9] 1486 --- [   scheduling-1] lol.maki.socks.CatalogClient: This should work...
2021-09-02 02:09:16.542 ERROR [shop-ui,60f204644e95908f669471d1f2879460,669471d1f2879460] 4121 --- [     parallel-7] lol.maki.socks.CatalogClient: Unable to fetch socks
java.util.concurrent.TimeoutException: Did not observe any item or terminal signal within 3000ms in 'flatMapMany' (and no fallback has been configured)
	at reactor.core.publisher.FluxTimeout$TimeoutMainSubscriber.handleTimeout(FluxTimeout.java:294)
	at reactor.core.publisher.FluxTimeout$TimeoutMainSubscriber.doTimeout(FluxTimeout.java:279)
	at reactor.core.publisher.FluxTimeout$TimeoutTimeoutSubscriber.onNext(FluxTimeout.java:418)
	at org.springframework.cloud.sleuth.instrument.reactor.ScopePassingSpanSubscriber.onNext(ScopePassingSpanSubscriber.java:88)
	at reactor.core.publisher.FluxOnErrorResume$ResumeSubscriber.onNext(FluxOnErrorResume.java:79)
	at org.springframework.cloud.sleuth.instrument.reactor.ScopePassingSpanSubscriber.onNext(ScopePassingSpanSubscriber.java:88)
	at reactor.core.publisher.MonoDelay$MonoDelayRunnable.propagateDelay(MonoDelay.java:270)
	at reactor.core.publisher.MonoDelay$MonoDelayRunnable.run(MonoDelay.java:285)
	at org.springframework.cloud.sleuth.instrument.reactor.ReactorSleuth.lambda$null$6(ReactorSleuth.java:309)
	at reactor.core.scheduler.SchedulerTask.call(SchedulerTask.java:68)
	at reactor.core.scheduler.SchedulerTask.call(SchedulerTask.java:28)
	at java.base/java.util.concurrent.FutureTask.run(FutureTask.java:264)
	at java.base/java.util.concurrent.ScheduledThreadPoolExecutor$ScheduledFutureTask.run(ScheduledThreadPoolExecutor.java:304)
	at java.base/java.util.concurrent.ThreadPoolExecutor.runWorker(ThreadPoolExecutor.java:1130)
	at java.base/java.util.concurrent.ThreadPoolExecutor$Worker.run(ThreadPoolExecutor.java:630)
	at java.base/java.lang.Thread.run(Thread.java:831)
                  ____  
                o8%8888,    
              o88%8888888.  
             8'-    -:8888b   
            8'         8888  
           d8.-=. ,==-.:888b  
           >8 `~` :`~' d8888   
           88         ,88888   
           88b. `-~  ':88888  
           888b ~==~ .:88888 
           88888o--:':::8888      
           `88888| :::' 8888b  
           8888^^'       8888b  
          d888           ,%888b.   
         d88%            %%%8--'-.  
        /88:.__ ,       _%-' ---  -  
            '''::===..-'   =  --.

2021-09-02 02:09:16.724 DEBUG [shop-ui,,] 1486 --- [tClientSender-0] s.n.www.protocol.http.HttpURLConnection  : sun.net.www.MessageHeader@3f2bc7819 pairs: {POST /report?f=trace HTTP/1.1: null}{Content-Type: application/octet-stream}{Content-Encoding: gzip}{Authorization: Bearer 7f23a58a-56b2-4aa9-aad3-a98a075c3d84}{User-Agent: Java/16.0.1}{Host: demo.wavefront.com}{Accept: text/html, image/gif, image/jpeg, *; q=.2, */*; q=.2}{Connection: keep-alive}{Content-Length: 274}
2021-09-02 02:09:16.777 DEBUG [shop-ui,,] 1486 --- [tClientSender-0] s.n.www.protocol.http.HttpURLConnection  : sun.net.www.MessageHeader@57e12e0d5 pairs: {null: HTTP/1.1 202 Accepted}{Server: nginx}{Transfer-Encoding: chunked}{Connection: keep-alive}
2021-09-02 02:09:21.458  INFO [shop-ui,60f201391ffb0905f065516d872bdb68,f065516d872bdb68] 1486 --- [   scheduling-1] lol.maki.socks.ShopUi       : This should not be called!
2021-09-02 02:09:21.458  INFO [shop-ui,60f201391ffb0905f065516d872bdb68,f065516d872bdb68] 1486 --- [   scheduling-1] lol.maki.socks.ShopUi       : 1...2...3...

                    /\
                   //\\
                  ||##||
                 //##mm\\
                //##*mmm\\
               //###**mmm\\
              //###***nmmm\\
             //####***@nmmm\\
             ||####***@nnmm||
             ||####**@@@nnm||
             |______________|
             |    Krogg97   |
              \____________/
               |          |
              /|    /\    |\
             /_|    || /\ |_\
               |      NUSA|
               |       \/ |
               |          |
              /|    /\    |\
             / |    ||    | \
            /  |    ||    |  \
           /  /\    ||    /\  \
          |__/  \   ||   /  \__|
            /____\      /____\
            |    |      |    |
            |    |______|    |
            |    | /--\ |    |
            |____|/----\|____|
             \||/ //##\\ \||/
             /##\//####\\/##\
            //##\\/####\//##\\
           ||/::\||/##\||/::\||
           \\\''///:**:\\\''///
            \\\///\::::/\\\///
             \\//\\\::///\\//
              \/\\\\..////\/
                 \\\\////
                  \\\///
                   \\//
                    \/

2021-09-02 02:09:21.459  INFO [shop-ui,60f201391ffb0905f065516d872bdb68,f065516d872bdb68] 1486 --- [   scheduling-1] lol.maki.socks.CatalogClient: This should work...
2021-09-02 02:09:21.459  INFO [shop-ui,60f201391ffb0905f065516d872bdb68,f065516d872bdb68] 1486 --- [   scheduling-1] lol.maki.socks.ShopUi       : Foo Bar
2021-09-02 02:09:21.724 DEBUG [shop-ui,,] 1486 --- [tClientSender-0] s.n.www.protocol.http.HttpURLConnection  : sun.net.www.MessageHeader@7e7cc70b9 pairs: {POST /report?f=trace HTTP/1.1: null}{Content-Type: application/octet-stream}{Content-Encoding: gzip}{Authorization: Bearer 7f23a58a-56b2-4aa9-aad3-a98a075c3d84}{User-Agent: Java/16.0.1}{Host: demo.wavefront.com}{Accept: text/html, image/gif, image/jpeg, *; q=.2, */*; q=.2}{Connection: keep-alive}{Content-Length: 215}
2021-09-02 02:09:21.763 DEBUG [shop-ui,,] 1486 --- [tClientSender-0] s.n.www.protocol.http.HttpURLConnection  : sun.net.www.MessageHeader@2c1f93b15 pairs: {null: HTTP/1.1 202 Accepted}{Server: nginx}{Transfer-Encoding: chunked}{Connection: keep-alive}
2021-09-02 02:09:26.459  INFO [shop-ui,60f2013e12d86a0d56dd214dedf5a02b,56dd214dedf5a02b] 1486 --- [   scheduling-1] lol.maki.socks.ShopUi       : This should not be called!
2021-09-02 02:09:26.459  INFO [shop-ui,60f2013e12d86a0d56dd214dedf5a02b,56dd214dedf5a02b] 1486 --- [   scheduling-1] lol.maki.socks.CatalogClient: This should work...

   _____            _                _____            _        
  / ____|          (_)              / ____|          | |       
 | (___  _ __  _ __ _ _ __   __ _  | (___   ___   ___| | _____ 
  \___ \| '_ \| '__| | '_ \ / _` |  \___ \ / _ \ / __| |/ / __|
  ____) | |_) | |  | | | | | (_| |  ____) | (_) | (__|   <\__ \
 |_____/| .__/|_|  |_|_| |_|\__, | |_____/ \___/ \___|_|\_\___/
        | |                  __/ |                             
        |_|                 |___/                              


2021-09-02 02:09:26.459  INFO [shop-ui,60f2013e12d86a0d56dd214dedf5a02b,56dd214dedf5a02b] 1486 --- [   scheduling-1] lol.maki.socks.ShopUi       : 1...2...3...
2021-09-02 02:09:26.459  INFO [shop-ui,60f2013e12d86a0d56dd214dedf5a02b,56dd214dedf5a02b] 1486 --- [   scheduling-1] lol.maki.socks.ShopUi       : Foo Bar
2021-09-02 02:09:26.460  WARN [shop-ui,,] 1486 --- [   scheduling-1] o.s.s.s.TaskUtils$LoggingErrorHandler    : Unexpected error occurred in scheduled task

lol.maki.socks.catalog.SockNotFoundException: Sock Not Found!

DO NOT IGNORE THE FOLLOWING TEXT:
!!!! WARNING !!!! THIS EXCEPTION SHOULD BE IGNORED. WE CAN'T REMOVE IT CAUSE THE TESTS FAIL OTHERWISE... :(  !!!! WARNING !!!!

           .----------.
          /  .-.  .-.  \
         /   | |  | |   \
         \   `-'  `-'  _/
         /\     .--.  / |
         \ |   /  /  / /
         / |  `--'  /\ \
          /`-------'  \ \      Jym Dyer

	at lol.maki.socks.catalog.SockNotFoundException.ignoreMe(SockNotFoundException.java:16)
	at lol.maki.socks.SocksPoller.socksPollerIgnoreMe(SocksPoller.java:30)
	at lol.maki.socks.SocksPoller$$FastClassBySpringCGLIB$$4789eba5.invoke(<generated>)
	at org.springframework.cglib.proxy.MethodProxy.invoke(MethodProxy.java:218)
	at org.springframework.aop.framework.CglibAopProxy$CglibMethodInvocation.invokeJoinpoint(CglibAopProxy.java:779)
	at org.springframework.aop.framework.ReflectiveMethodInvocation.proceed(ReflectiveMethodInvocation.java:163)
	at org.springframework.aop.framework.CglibAopProxy$CglibMethodInvocation.proceed(CglibAopProxy.java:750)
	at org.springframework.aop.aspectj.MethodInvocationProceedingJoinPoint.proceed(MethodInvocationProceedingJoinPoint.java:89)
	at org.springframework.cloud.sleuth.instrument.scheduling.TraceSchedulingAspect.traceBackgroundThread(TraceSchedulingAspect.java:73)
	at java.base/jdk.internal.reflect.NativeMethodAccessorImpl.invoke0(Native Method)
	at java.base/jdk.internal.reflect.NativeMethodAccessorImpl.invoke(NativeMethodAccessorImpl.java:78)
	at java.base/jdk.internal.reflect.DelegatingMethodAccessorImpl.invoke(DelegatingMethodAccessorImpl.java:43)
	at java.base/java.lang.reflect.Method.invoke(Method.java:567)
	at org.springframework.aop.aspectj.AbstractAspectJAdvice.invokeAdviceMethodWithGivenArgs(AbstractAspectJAdvice.java:634)
	at org.springframework.aop.aspectj.AbstractAspectJAdvice.invokeAdviceMethod(AbstractAspectJAdvice.java:624)
	at org.springframework.aop.aspectj.AspectJAroundAdvice.invoke(AspectJAroundAdvice.java:72)
	at org.springframework.aop.framework.ReflectiveMethodInvocation.proceed(ReflectiveMethodInvocation.java:186)
	at org.springframework.aop.framework.CglibAopProxy$CglibMethodInvocation.proceed(CglibAopProxy.java:750)
	at org.springframework.aop.interceptor.ExposeInvocationInterceptor.invoke(ExposeInvocationInterceptor.java:97)
	at org.springframework.aop.framework.ReflectiveMethodInvocation.proceed(ReflectiveMethodInvocation.java:186)
	at org.springframework.aop.framework.CglibAopProxy$CglibMethodInvocation.proceed(CglibAopProxy.java:750)
	at org.springframework.aop.framework.CglibAopProxy$DynamicAdvisedInterceptor.intercept(CglibAopProxy.java:692)
	at lol.maki.socks.SocksPoller$$EnhancerBySpringCGLIB$$bc0ff65b.socksPollerIgnoreMe(<generated>)
	at java.base/jdk.internal.reflect.NativeMethodAccessorImpl.invoke0(Native Method)
	at java.base/jdk.internal.reflect.NativeMethodAccessorImpl.invoke(NativeMethodAccessorImpl.java:78)
	at java.base/jdk.internal.reflect.DelegatingMethodAccessorImpl.invoke(DelegatingMethodAccessorImpl.java:43)
	at java.base/java.lang.reflect.Method.invoke(Method.java:567)
	at org.springframework.scheduling.support.ScheduledMethodRunnable.run(ScheduledMethodRunnable.java:84)
	at org.springframework.scheduling.support.DelegatingErrorHandlingRunnable.run(DelegatingErrorHandlingRunnable.java:54)
	at java.base/java.util.concurrent.Executors$RunnableAdapter.call(Executors.java:515)
	at java.base/java.util.concurrent.FutureTask.runAndReset(FutureTask.java:305)
	at java.base/java.util.concurrent.ScheduledThreadPoolExecutor$ScheduledFutureTask.run(ScheduledThreadPoolExecutor.java:305)
	at java.base/java.util.concurrent.ThreadPoolExecutor.runWorker(ThreadPoolExecutor.java:1130)
	at java.base/java.util.concurrent.ThreadPoolExecutor$Worker.run(ThreadPoolExecutor.java:630)
	at java.base/java.lang.Thread.run(Thread.java:831)

2021-09-02 02:09:26.726 DEBUG [shop-ui,,] 1486 --- [tClientSender-0] s.n.www.protocol.http.HttpURLConnection  : sun.net.www.MessageHeader@4de95e7c9 pairs: {POST /report?f=trace HTTP/1.1: null}{Content-Type: application/octet-stream}{Content-Encoding: gzip}{Authorization: Bearer 7f23a58a-56b2-4aa9-aad3-a98a075c3d84}{User-Agent: Java/16.0.1}{Host: demo.wavefront.com}{Accept: text/html, image/gif, image/jpeg, *; q=.2, */*; q=.2}{Connection: keep-alive}{Content-Length: 276}
2021-09-02 02:09:26.758 DEBUG [shop-ui,,] 1486 --- [tClientSender-0] s.n.www.protocol.http.HttpURLConnection  : sun.net.www.MessageHeader@1326808a5 pairs: {null: HTTP/1.1 202 Accepted}{Server: nginx}{Transfer-Encoding: chunked}{Connection: keep-alive}
2021-09-02 02:09:27.456  INFO [shop-ui,60f2012f558e7518fb10551f93a61c3e,fb10551f93a61c3e] 1486 --- [   scheduling-1] lol.maki.socks.CatalogClient: This should work...
2021-09-02 02:09:27.456  INFO [shop-ui,60f2012f558e7518fb10551f93a61c3e,fb10551f93a61c3e] 1486 --- [   scheduling-1] lol.maki.socks.ShopUi       : Foo Bar
2021-09-02 02:09:27.456  INFO [shop-ui,60f2012f558e7518fb10551f93a61c3e,fb10551f93a61c3e] 1486 --- [   scheduling-1] lol.maki.socks.ShopUi       : This should not be called!
2021-09-02 02:09:27.456  INFO [shop-ui,60f2012f558e7518fb10551f93a61c3e,fb10551f93a61c3e] 1486 --- [   scheduling-1] lol.maki.socks.ShopUi       : 1...2...3...
